<?xml version="1.0" encoding="UTF-8"?>
<robot generator="Robot 7.0.1 (Python 3.12.4 on darwin)" generated="2024-08-05T15:58:35.445262" rpa="false" schemaversion="5">
<suite id="s1" name="Test6" source="/Users/claudiamejia/PycharmProjects/RobotFramework/pythonProject/tests/test6.robot">
<test id="s1-t1" name="Validate cards display in the shopping page" line="23">
<kw name="open the browser with the Mortgage payment url" owner="resource" type="SETUP">
<kw name="Create Webdriver" owner="SeleniumLibrary">
<msg time="2024-08-05T15:58:35.716081" level="INFO">Creating an instance of the Chrome WebDriver.</msg>
<arg>Chrome</arg>
<arg>Service(/Users/claudiamejia/Downloads/chromedriver-mac-x64/chromedriver)</arg>
<doc>Creates an instance of Selenium WebDriver.</doc>
<status status="PASS" start="2024-08-05T15:58:35.715796" elapsed="2.352726"/>
</kw>
<kw name="Go To" owner="SeleniumLibrary">
<msg time="2024-08-05T15:58:38.070075" level="INFO">Opening url 'https://rahulshettyacademy.com/loginpagePractise/'</msg>
<arg>${url}</arg>
<doc>Navigates the current browser window to the provided ``url``.</doc>
<status status="PASS" start="2024-08-05T15:58:38.069449" elapsed="1.561897"/>
</kw>
<status status="PASS" start="2024-08-05T15:58:35.714660" elapsed="3.917071"/>
</kw>
<kw name="Fill the login form">
<kw name="Input Text" owner="SeleniumLibrary">
<msg time="2024-08-05T15:58:39.634394" level="INFO">Typing text 'rahulshettyacademy' into text field 'id:username'.</msg>
<arg>id:username</arg>
<arg>${user_name}</arg>
<doc>Types the given ``text`` into the text field identified by ``locator``.</doc>
<status status="PASS" start="2024-08-05T15:58:39.633613" elapsed="0.236706"/>
</kw>
<kw name="Input Password" owner="SeleniumLibrary">
<msg time="2024-08-05T15:58:39.871114" level="INFO">Typing password into text field 'id:password'.</msg>
<msg time="2024-08-05T15:58:39.906883" level="INFO">Temporally setting log level to: NONE</msg>
<arg>id:password</arg>
<arg>${password}</arg>
<doc>Types the given password into the text field identified by ``locator``.</doc>
<status status="PASS" start="2024-08-05T15:58:39.870685" elapsed="0.099597"/>
</kw>
<kw name="Click Button" owner="SeleniumLibrary">
<msg time="2024-08-05T15:58:39.971289" level="INFO">Clicking button 'signInBtn'.</msg>
<arg>signInBtn</arg>
<doc>Clicks the button identified by ``locator``.</doc>
<status status="PASS" start="2024-08-05T15:58:39.970844" elapsed="0.067310"/>
</kw>
<arg>${user_name}</arg>
<arg>${valid_password}</arg>
<status status="PASS" start="2024-08-05T15:58:39.632459" elapsed="0.405842"/>
</kw>
<kw name="Wait until element is located in the page">
<kw name="Wait Until Element Is Visible" owner="SeleniumLibrary">
<arg>${element}</arg>
<doc>Waits until the element ``locator`` is visible.</doc>
<status status="PASS" start="2024-08-05T15:58:40.039001" elapsed="4.920274"/>
</kw>
<arg>${Shop_page_Load}</arg>
<status status="PASS" start="2024-08-05T15:58:40.038630" elapsed="4.920823"/>
</kw>
<kw name="Verify Card Titles In The Shop Page">
<kw name="Create List" owner="BuiltIn">
<msg time="2024-08-05T15:58:44.960485" level="INFO">@{expectedList} = [ iphone X | Samsung Note 8 | Nokia Edge | Blackberry ]</msg>
<var>@{expectedList}</var>
<arg>iphone X</arg>
<arg>Samsung Note 8</arg>
<arg>Nokia Edge</arg>
<arg>Blackberry</arg>
<doc>Returns a list containing given items.</doc>
<status status="PASS" start="2024-08-05T15:58:44.960248" elapsed="0.000269"/>
</kw>
<kw name="Get WebElements" owner="SeleniumLibrary">
<msg time="2024-08-05T15:58:44.972372" level="INFO">${elements} = [&lt;selenium.webdriver.remote.webelement.WebElement (session="ce3a699949751477371f52aa05e6232f", element="f.708DF5863B2938786500203A9D28A280.d.934F806A7713E0B8F431562CD00E1C79.e.71")&gt;, &lt;selenium.webdriv...</msg>
<var>${elements}</var>
<arg>xpath:(//h4[@class='card-title'])</arg>
<doc>Returns a list of WebElement objects matching the ``locator``.</doc>
<status status="PASS" start="2024-08-05T15:58:44.960658" elapsed="0.011789"/>
</kw>
<kw name="Create List" owner="BuiltIn">
<msg time="2024-08-05T15:58:44.973067" level="INFO">@{actualList} = [ ]</msg>
<var>@{actualList}</var>
<doc>Returns a list containing given items.</doc>
<status status="PASS" start="2024-08-05T15:58:44.972741" elapsed="0.000382"/>
</kw>
<for flavor="IN">
<iter>
<kw name="Log" owner="BuiltIn">
<msg time="2024-08-05T15:58:44.988915" level="INFO">iphone X</msg>
<arg>${element.text}</arg>
<doc>Logs the given message with the given level.</doc>
<status status="PASS" start="2024-08-05T15:58:44.973908" elapsed="0.015067"/>
</kw>
<var name="${element}">&lt;selenium.webdriver.remote.webelement.WebElement (session="ce3a699949751477371f52aa05e6232f", element="f.708DF5863B2938786500203A9D28A280.d.934F806A7713E0B8F431562CD00E1C79.e.71")&gt;</var>
<status status="PASS" start="2024-08-05T15:58:44.973682" elapsed="0.015363"/>
</iter>
<iter>
<kw name="Log" owner="BuiltIn">
<msg time="2024-08-05T15:58:44.997735" level="INFO">Samsung Note 8</msg>
<arg>${element.text}</arg>
<doc>Logs the given message with the given level.</doc>
<status status="PASS" start="2024-08-05T15:58:44.989317" elapsed="0.008485"/>
</kw>
<var name="${element}">&lt;selenium.webdriver.remote.webelement.WebElement (session="ce3a699949751477371f52aa05e6232f", element="f.708DF5863B2938786500203A9D28A280.d.934F806A7713E0B8F431562CD00E1C79.e.72")&gt;</var>
<status status="PASS" start="2024-08-05T15:58:44.989200" elapsed="0.008672"/>
</iter>
<iter>
<kw name="Log" owner="BuiltIn">
<msg time="2024-08-05T15:58:45.005356" level="INFO">Nokia Edge</msg>
<arg>${element.text}</arg>
<doc>Logs the given message with the given level.</doc>
<status status="PASS" start="2024-08-05T15:58:44.998134" elapsed="0.007302"/>
</kw>
<var name="${element}">&lt;selenium.webdriver.remote.webelement.WebElement (session="ce3a699949751477371f52aa05e6232f", element="f.708DF5863B2938786500203A9D28A280.d.934F806A7713E0B8F431562CD00E1C79.e.73")&gt;</var>
<status status="PASS" start="2024-08-05T15:58:44.998019" elapsed="0.007489"/>
</iter>
<iter>
<kw name="Log" owner="BuiltIn">
<msg time="2024-08-05T15:58:45.012800" level="INFO">Blackberry</msg>
<arg>${element.text}</arg>
<doc>Logs the given message with the given level.</doc>
<status status="PASS" start="2024-08-05T15:58:45.005774" elapsed="0.007087"/>
</kw>
<var name="${element}">&lt;selenium.webdriver.remote.webelement.WebElement (session="ce3a699949751477371f52aa05e6232f", element="f.708DF5863B2938786500203A9D28A280.d.934F806A7713E0B8F431562CD00E1C79.e.74")&gt;</var>
<status status="PASS" start="2024-08-05T15:58:45.005654" elapsed="0.007274"/>
</iter>
<var>${element}</var>
<value>@{elements}</value>
<status status="PASS" start="2024-08-05T15:58:44.973322" elapsed="0.039661"/>
</for>
<status status="PASS" start="2024-08-05T15:58:44.959868" elapsed="0.053208"/>
</kw>
<kw name="Add Items To Cart And Checkout" owner="Shop">
<msg time="2024-08-05T15:58:45.047623" level="INFO">Clicking button 'xpath://app-card[3]//div[1]//div[2]//button[1]'.</msg>
<msg time="2024-08-05T15:58:45.126710" level="INFO">Clicking button 'xpath://app-card[4]//div[1]//div[2]//button[1]'.</msg>
<arg>${listOfProducts}</arg>
<status status="PASS" start="2024-08-05T15:58:45.013347" elapsed="0.166787"/>
</kw>
<status status="PASS" start="2024-08-05T15:58:35.713724" elapsed="9.466932"/>
</test>
<doc>To Validate The Login Form</doc>
<status status="PASS" start="2024-08-05T15:58:35.446622" elapsed="9.735119"/>
</suite>
<statistics>
<total>
<stat pass="1" fail="0" skip="0">All Tests</stat>
</total>
<tag>
</tag>
<suite>
<stat pass="1" fail="0" skip="0" id="s1" name="Test6">Test6</stat>
</suite>
</statistics>
<errors>
</errors>
</robot>
